<?xml version="1.0" encoding="UTF-8"?>
<!-- Generated by org.testng.reporters.JUnitXMLReporter -->
<testsuite ignored="0" hostname="BLRL-DZ1D0J3-1" failures="0" tests="3" name="EndToEndTest" time="197.9" errors="0" timestamp="2023-01-13T22:15:00 IST">
  <testcase classname="rsclassesa.seleniumframework.StandAloneClass" name="eCommerceAppication" time="94.268"/>
  <testcase classname="rsclassesa.seleniumframework.StandAloneClass" name="eCommerceAppication" time="86.73"/>
  <testcase classname="rsclassesa.seleniumframework.StandAloneClass" name="verifyTheProductPlaced" time="0.509"/>
</testsuite> <!-- EndToEndTest -->
