<?xml version="1.0" encoding="UTF-8"?>
<testng-results ignored="0" total="2" passed="2" failed="0" skipped="0">
  <reporter-output>
  </reporter-output>
  <suite started-at="2023-01-18T22:45:48 IST" name="Default suite" finished-at="2023-01-18T22:49:23 IST" duration-ms="215536">
    <groups>
      <group name="cucumber">
        <method signature="AbstractTestNGCucumberTests.runScenario(io.cucumber.testng.PickleWrapper,io.cucumber.testng.FeatureWrapper)[pri:0, instance:Cucumber.TestNGTestRunner@712625fd]" name="runScenario" class="io.cucumber.testng.AbstractTestNGCucumberTests"/>
      </group> <!-- cucumber -->
    </groups>
    <test started-at="2023-01-18T22:45:48 IST" name="Default test" finished-at="2023-01-18T22:49:23 IST" duration-ms="215536">
      <class name="Cucumber.TestNGTestRunner">
        <test-method is-config="true" signature="setUpClass(org.testng.ITestContext)[pri:0, instance:Cucumber.TestNGTestRunner@712625fd]" started-at="2023-01-18T22:45:48 IST" name="setUpClass" finished-at="2023-01-18T22:45:48 IST" duration-ms="407" status="PASS">
          <params>
            <param index="0">
              <value>
                <![CDATA[org.testng.TestRunner@dc1fadd]]>
              </value>
            </param>
          </params>
          <reporter-output>
          </reporter-output>
        </test-method> <!-- setUpClass -->
        <test-method signature="runScenario(io.cucumber.testng.PickleWrapper,io.cucumber.testng.FeatureWrapper)[pri:0, instance:Cucumber.TestNGTestRunner@712625fd]" started-at="2023-01-18T22:45:48 IST" name="runScenario" description="Runs Cucumber Scenarios" data-provider="scenarios" finished-at="2023-01-18T22:47:47 IST" duration-ms="118423" status="PASS">
          <params>
            <param index="0">
              <value>
                <![CDATA["positive test scenario for order an item"]]>
              </value>
            </param>
            <param index="1">
              <value>
                <![CDATA["Order the items in Ecommerce appication"]]>
              </value>
            </param>
          </params>
          <reporter-output>
          </reporter-output>
        </test-method> <!-- runScenario -->
        <test-method signature="runScenario(io.cucumber.testng.PickleWrapper,io.cucumber.testng.FeatureWrapper)[pri:0, instance:Cucumber.TestNGTestRunner@712625fd]" started-at="2023-01-18T22:47:47 IST" name="runScenario" description="Runs Cucumber Scenarios" data-provider="scenarios" finished-at="2023-01-18T22:49:23 IST" duration-ms="96637" status="PASS">
          <params>
            <param index="0">
              <value>
                <![CDATA["positive test scenario for order an item"]]>
              </value>
            </param>
            <param index="1">
              <value>
                <![CDATA["Order the items in Ecommerce appication"]]>
              </value>
            </param>
          </params>
          <reporter-output>
          </reporter-output>
        </test-method> <!-- runScenario -->
        <test-method is-config="true" signature="tearDownClass()[pri:0, instance:Cucumber.TestNGTestRunner@712625fd]" started-at="2023-01-18T22:49:23 IST" name="tearDownClass" finished-at="2023-01-18T22:49:23 IST" duration-ms="29" status="PASS">
          <reporter-output>
          </reporter-output>
        </test-method> <!-- tearDownClass -->
      </class> <!-- Cucumber.TestNGTestRunner -->
    </test> <!-- Default test -->
  </suite> <!-- Default suite -->
</testng-results>
